<?xml version="1.0" encoding="UTF-8"?>
<!-- Generated by org.testng.reporters.JUnitReportReporter -->
<testsuite hostname="Sumit" failures="0" tests="1" name="kalira.mobile_automation.ShopingPageTest" time="106.322" errors="0" timestamp="2022-09-03T12:14:56 IST" skipped="0">
  <testcase classname="kalira.mobile_automation.ShopingPageTest" name="verifyHome" time="106.322"/>
  <system-out/>
</testsuite> <!-- kalira.mobile_automation.ShopingPageTest -->
