<?xml version="1.0" encoding="UTF-8"?>
<!-- Generated by org.testng.reporters.JUnitReportReporter -->
<testsuite hostname="Sumit" failures="0" tests="1" name="kalira.mobile_automation.LoginTest" time="82.080" errors="0" timestamp="2022-08-27T12:00:53 IST" skipped="0">
  <testcase classname="kalira.mobile_automation.LoginTest" name="LoginValidation" time="82.080"/>
  <system-out/>
</testsuite> <!-- kalira.mobile_automation.LoginTest -->
