<?xml version="1.0" encoding="UTF-8"?>
<!-- Generated by org.testng.reporters.JUnitReportReporter -->
<testsuite hostname="DESKTOP-L04A8B5" failures="0" tests="1" name="kalira.mobile_automation.Base" time="61.492" errors="0" timestamp="2022-08-26T20:59:39 IST" skipped="0">
  <testcase classname="kalira.mobile_automation.Base" name="loginNew" time="61.492"/>
  <system-out/>
</testsuite> <!-- kalira.mobile_automation.Base -->
